<?xml version="1.0" encoding="UTF-8"?>
<!-- Generated by org.testng.reporters.JUnitXMLReporter -->
<testsuite hostname="DESKTOP-RKHPL37" ignored="0" name="Test" tests="5" failures="1" timestamp="2020-09-17T19:10:07 IST" time="163.057" errors="0">
  <testcase name="TC01_verifyDragAndDrop" time="24.093" classname="testCases.Assignment1_DemoQA"/>
  <testcase name="TC02_verifyDatePicker" time="28.218" classname="testCases.Assignment1_DemoQA">
    <failure type="java.lang.AssertionError" message="did not expect to find [June 29, 1989 11:00 AM] but found [null]">
      <![CDATA[java.lang.AssertionError: did not expect to find [June 29, 1989 11:00 AM] but found [null]
at testCases.Assignment1_DemoQA.TC02_verifyDatePicker(Assignment1_DemoQA.java:57)
at java.util.ArrayList.forEach(ArrayList.java:1257)
... Removed 36 stack frames]]>
    </failure>
  </testcase> <!-- TC02_verifyDatePicker -->
  <testcase name="TC03_verifySelectable" time="18.898" classname="testCases.Assignment1_DemoQA"/>
  <testcase name="TC04_verifySelectMenu" time="31.039" classname="testCases.Assignment1_DemoQA"/>
  <testcase name="TC05_verifyPracticeForm" time="24.365" classname="testCases.Assignment1_DemoQA"/>
</testsuite> <!-- Test -->
