<?xml version="1.0" encoding="UTF-8"?>
<!-- Generated by org.testng.reporters.JUnitXMLReporter -->
<testsuite hostname="DESKTOP-RKHPL37" ignored="1" name="Test" tests="6" failures="0" timestamp="2020-09-19T20:52:19 IST" time="120.551" errors="0">
  <testcase name="TC01_verifyDragAndDrop" time="4.167" classname="testCases.Assignment1_DemoQA"/>
  <testcase name="TC02_verifyDatePicker" time="7.527" classname="testCases.Assignment1_DemoQA"/>
  <testcase name="TC03_verifySelectable" time="3.286" classname="testCases.Assignment1_DemoQA"/>
  <testcase name="TC04_verifySelectMenu" time="3.718" classname="testCases.Assignment1_DemoQA"/>
  <testcase name="TC05_verifyPracticeForm" time="5.899" classname="testCases.Assignment1_DemoQA"/>
  <testcase name="bookTikcet" time="51.354" classname="testCases.Assignment2_MakeMyTrip"/>
  <testcase name="@BeforeTest setUpSuite" time="0.0" classname="com.topgear.qa.base.BaseClass">
    <ignored/>
  </testcase> <!-- @BeforeTest setUpSuite -->
</testsuite> <!-- Test -->
