<?xml version="1.0" encoding="UTF-8"?>
<testng-results skipped="0" failed="1" ignored="0" total="2" passed="1">
  <reporter-output>
    <line>
      <![CDATA[Opened Chrome Browser]]>
    </line>
    <line>
      <![CDATA[Opened Chrome Browser]]>
    </line>
  </reporter-output>
  <suite name="Suite" duration-ms="24090" started-at="2020-09-16T20:33:23 IST" finished-at="2020-09-16T20:33:47 IST">
    <groups>
    </groups>
    <test name="Test" duration-ms="24090" started-at="2020-09-16T20:33:23 IST" finished-at="2020-09-16T20:33:47 IST">
      <class name="testCases.Assignment1_DemoQA">
        <test-method status="PASS" signature="startReport()[pri:0, instance:testCases.Assignment1_DemoQA@3c419631]" name="startReport" is-config="true" duration-ms="302" started-at="2020-09-16T20:33:23 IST" finished-at="2020-09-16T20:33:23 IST">
          <reporter-output>
          </reporter-output>
        </test-method> <!-- startReport -->
        <test-method status="PASS" signature="beforeMethod(java.lang.String, java.lang.reflect.Method)[pri:0, instance:testCases.Assignment1_DemoQA@3c419631]" name="beforeMethod" is-config="true" duration-ms="8200" started-at="2020-09-16T20:33:23 IST" finished-at="2020-09-16T20:33:32 IST">
          <params>
            <param index="0">
              <value is-null="true"/>
            </param>
            <param index="1">
              <value>
                <![CDATA[public void testCases.Assignment1_DemoQA.TC01_verifyDragAndDrop() throws java.lang.Throwable]]>
              </value>
            </param>
          </params>
          <reporter-output>
            <line>
              <![CDATA[Opened Chrome Browser]]>
            </line>
          </reporter-output>
        </test-method> <!-- beforeMethod -->
        <test-method status="PASS" signature="TC01_verifyDragAndDrop()[pri:0, instance:testCases.Assignment1_DemoQA@3c419631]" name="TC01_verifyDragAndDrop" duration-ms="3358" started-at="2020-09-16T20:33:32 IST" description="Verify drag and drop" finished-at="2020-09-16T20:33:35 IST">
          <reporter-output>
          </reporter-output>
        </test-method> <!-- TC01_verifyDragAndDrop -->
        <test-method status="PASS" signature="getResult(org.testng.ITestResult)[pri:0, instance:testCases.Assignment1_DemoQA@3c419631]" name="getResult" is-config="true" duration-ms="1617" started-at="2020-09-16T20:33:35 IST" finished-at="2020-09-16T20:33:37 IST">
          <params>
            <param index="0">
              <value>
                <![CDATA[[TestResult name=TC01_verifyDragAndDrop status=SUCCESS method=Assignment1_DemoQA.TC01_verifyDragAndDrop()[pri:0, instance:testCases.Assignment1_DemoQA@3c419631] output={null}]]]>
              </value>
            </param>
          </params>
          <reporter-output>
          </reporter-output>
        </test-method> <!-- getResult -->
        <test-method status="PASS" signature="beforeMethod(java.lang.String, java.lang.reflect.Method)[pri:0, instance:testCases.Assignment1_DemoQA@3c419631]" name="beforeMethod" is-config="true" duration-ms="5635" started-at="2020-09-16T20:33:38 IST" finished-at="2020-09-16T20:33:44 IST">
          <params>
            <param index="0">
              <value is-null="true"/>
            </param>
            <param index="1">
              <value>
                <![CDATA[public void testCases.Assignment1_DemoQA.TC02_verifyDatePicker(java.lang.String,java.lang.String,java.lang.String,java.lang.String) throws java.lang.Throwable]]>
              </value>
            </param>
          </params>
          <reporter-output>
            <line>
              <![CDATA[Opened Chrome Browser]]>
            </line>
          </reporter-output>
        </test-method> <!-- beforeMethod -->
        <test-method status="FAIL" signature="TC02_verifyDatePicker(java.lang.String, java.lang.String, java.lang.String, java.lang.String)[pri:0, instance:testCases.Assignment1_DemoQA@3c419631]" name="TC02_verifyDatePicker" duration-ms="2415" started-at="2020-09-16T20:33:44 IST" description="Verify DatePicker" data-provider="tc02TestData" finished-at="2020-09-16T20:33:46 IST">
          <params>
            <param index="0">
              <value>
                <![CDATA[June]]>
              </value>
            </param>
            <param index="1">
              <value>
                <![CDATA[29]]>
              </value>
            </param>
            <param index="2">
              <value>
                <![CDATA[1989]]>
              </value>
            </param>
            <param index="3">
              <value>
                <![CDATA[June 29, 1989 11:00 AM]]>
              </value>
            </param>
          </params>
          <exception class="java.lang.IllegalArgumentException">
            <message>
              <![CDATA[imagePath cannot be null or empty]]>
            </message>
            <full-stacktrace>
              <![CDATA[java.lang.IllegalArgumentException: imagePath cannot be null or empty
at com.aventstack.extentreports.ExtentTest.addScreenCaptureFromPath(ExtentTest.java:1120)
at com.aventstack.extentreports.ExtentTest.addScreenCaptureFromPath(ExtentTest.java:1147)
at com.topgear.qa.pageObjects.DemoQADatePickerPage.datePickerPageVerify(DemoQADatePickerPage.java:37)
at testCases.Assignment1_DemoQA.TC02_verifyDatePicker(Assignment1_DemoQA.java:42)
at sun.reflect.NativeMethodAccessorImpl.invoke0(Native Method)
at sun.reflect.NativeMethodAccessorImpl.invoke(NativeMethodAccessorImpl.java:62)
at sun.reflect.DelegatingMethodAccessorImpl.invoke(DelegatingMethodAccessorImpl.java:43)
at java.lang.reflect.Method.invoke(Method.java:498)
at org.testng.internal.MethodInvocationHelper.invokeMethod(MethodInvocationHelper.java:133)
at org.testng.internal.TestInvoker.invokeMethod(TestInvoker.java:584)
at org.testng.internal.TestInvoker.invokeTestMethod(TestInvoker.java:172)
at org.testng.internal.MethodRunner.runInSequence(MethodRunner.java:46)
at org.testng.internal.TestInvoker$MethodInvocationAgent.invoke(TestInvoker.java:804)
at org.testng.internal.TestInvoker.invokeTestMethods(TestInvoker.java:145)
at org.testng.internal.TestMethodWorker.invokeTestMethods(TestMethodWorker.java:146)
at org.testng.internal.TestMethodWorker.run(TestMethodWorker.java:128)
at java.util.ArrayList.forEach(ArrayList.java:1257)
at org.testng.TestRunner.privateRun(TestRunner.java:770)
at org.testng.TestRunner.run(TestRunner.java:591)
at org.testng.SuiteRunner.runTest(SuiteRunner.java:402)
at org.testng.SuiteRunner.runSequentially(SuiteRunner.java:396)
at org.testng.SuiteRunner.privateRun(SuiteRunner.java:355)
at org.testng.SuiteRunner.run(SuiteRunner.java:304)
at org.testng.SuiteRunnerWorker.runSuite(SuiteRunnerWorker.java:53)
at org.testng.SuiteRunnerWorker.run(SuiteRunnerWorker.java:96)
at org.testng.TestNG.runSuitesSequentially(TestNG.java:1180)
at org.testng.TestNG.runSuitesLocally(TestNG.java:1102)
at org.testng.TestNG.runSuites(TestNG.java:1032)
at org.testng.TestNG.run(TestNG.java:1000)
at org.apache.maven.surefire.testng.TestNGExecutor.run(TestNGExecutor.java:283)
at org.apache.maven.surefire.testng.TestNGXmlTestSuite.execute(TestNGXmlTestSuite.java:75)
at org.apache.maven.surefire.testng.TestNGProvider.invoke(TestNGProvider.java:120)
at org.apache.maven.surefire.booter.ForkedBooter.invokeProviderInSameClassLoader(ForkedBooter.java:386)
at org.apache.maven.surefire.booter.ForkedBooter.runSuitesInProcess(ForkedBooter.java:323)
at org.apache.maven.surefire.booter.ForkedBooter.main(ForkedBooter.java:143)
]]>
            </full-stacktrace>
          </exception> <!-- java.lang.IllegalArgumentException -->
          <reporter-output>
          </reporter-output>
        </test-method> <!-- TC02_verifyDatePicker -->
        <test-method status="PASS" signature="getResult(org.testng.ITestResult)[pri:0, instance:testCases.Assignment1_DemoQA@3c419631]" name="getResult" is-config="true" duration-ms="1097" started-at="2020-09-16T20:33:46 IST" finished-at="2020-09-16T20:33:47 IST">
          <params>
            <param index="0">
              <value>
                <![CDATA[[TestResult name=TC02_verifyDatePicker status=FAILURE method=Assignment1_DemoQA.TC02_verifyDatePicker(java.lang.String, java.lang.String, java.lang.String, java.lang.String)[pri:0, instance:testCases.Assignment1_DemoQA@3c419631] output={null}]]]>
              </value>
            </param>
          </params>
          <reporter-output>
          </reporter-output>
        </test-method> <!-- getResult -->
      </class> <!-- testCases.Assignment1_DemoQA -->
    </test> <!-- Test -->
  </suite> <!-- Suite -->
</testng-results>
