-------------------------------------------------------------------------------
Test set: TestSuite
-------------------------------------------------------------------------------
Tests run: 5, Failures: 1, Errors: 0, Skipped: 0, Time elapsed: 164.464 s <<< FAILURE! - in TestSuite
TC02_verifyDatePicker(testCases.Assignment1_DemoQA)  Time elapsed: 28.229 s  <<< FAILURE!
java.lang.AssertionError: did not expect to find [June 29, 1989 11:00 AM] but found [null]
	at testCases.Assignment1_DemoQA.TC02_verifyDatePicker(Assignment1_DemoQA.java:57)

