-------------------------------------------------------------------------------
Test set: TestSuite
-------------------------------------------------------------------------------
Tests run: 2, Failures: 1, Errors: 0, Skipped: 0, Time elapsed: 26.47 s <<< FAILURE! - in TestSuite
TC02_verifyDatePicker(testCases.Assignment1_DemoQA)  Time elapsed: 2.427 s  <<< FAILURE!
java.lang.IllegalArgumentException: imagePath cannot be null or empty
	at testCases.Assignment1_DemoQA.TC02_verifyDatePicker(Assignment1_DemoQA.java:42)

