<?xml version="1.0" encoding="UTF-8"?>
<testng-results skipped="0" failed="0" ignored="1" total="7" passed="6">
  <reporter-output>
    <line>
      <![CDATA[Opened Chrome Browser]]>
    </line>
    <line>
      <![CDATA[Opened Chrome Browser]]>
    </line>
    <line>
      <![CDATA[Opened Chrome Browser]]>
    </line>
    <line>
      <![CDATA[Opened Chrome Browser]]>
    </line>
    <line>
      <![CDATA[Opened Chrome Browser]]>
    </line>
    <line>
      <![CDATA[Opened Chrome Browser]]>
    </line>
  </reporter-output>
  <suite name="Suite" duration-ms="120551" started-at="2020-09-19T20:50:18 IST" finished-at="2020-09-19T20:52:19 IST">
    <groups>
    </groups>
    <test name="Test" duration-ms="120551" started-at="2020-09-19T20:50:18 IST" finished-at="2020-09-19T20:52:19 IST">
      <class name="testCases.Assignment2_MakeMyTrip">
        <test-method status="PASS" signature="beforeMethod(java.lang.String, java.lang.reflect.Method)[pri:0, instance:testCases.Assignment2_MakeMyTrip@61230f6a]" name="beforeMethod" is-config="true" duration-ms="5613" started-at="2020-09-19T20:51:20 IST" finished-at="2020-09-19T20:51:26 IST">
          <params>
            <param index="0">
              <value is-null="true"/>
            </param>
            <param index="1">
              <value>
                <![CDATA[public void testCases.Assignment2_MakeMyTrip.bookTikcet(java.lang.String,java.lang.String,java.lang.String,java.lang.String) throws java.lang.Throwable]]>
              </value>
            </param>
          </params>
          <reporter-output>
            <line>
              <![CDATA[Opened Chrome Browser]]>
            </line>
          </reporter-output>
        </test-method> <!-- beforeMethod -->
        <test-method status="PASS" signature="bookTikcet(java.lang.String, java.lang.String, java.lang.String, java.lang.String)[pri:0, instance:testCases.Assignment2_MakeMyTrip@61230f6a]" name="bookTikcet" duration-ms="51354" started-at="2020-09-19T20:51:26 IST" description="Make My Trip Test Case" data-provider="makeMyTrip" finished-at="2020-09-19T20:52:17 IST">
          <params>
            <param index="0">
              <value>
                <![CDATA[Mumbai, India]]>
              </value>
            </param>
            <param index="1">
              <value>
                <![CDATA[Goa, India]]>
              </value>
            </param>
            <param index="2">
              <value>
                <![CDATA[Mon Nov 02 2020]]>
              </value>
            </param>
            <param index="3">
              <value>
                <![CDATA[Tue Nov 03 2020]]>
              </value>
            </param>
          </params>
          <reporter-output>
          </reporter-output>
        </test-method> <!-- bookTikcet -->
        <test-method status="PASS" signature="getResult(org.testng.ITestResult)[pri:0, instance:testCases.Assignment2_MakeMyTrip@61230f6a]" name="getResult" is-config="true" duration-ms="1369" started-at="2020-09-19T20:52:17 IST" finished-at="2020-09-19T20:52:19 IST">
          <params>
            <param index="0">
              <value>
                <![CDATA[[TestResult name=bookTikcet status=SUCCESS method=Assignment2_MakeMyTrip.bookTikcet(java.lang.String, java.lang.String, java.lang.String, java.lang.String)[pri:0, instance:testCases.Assignment2_MakeMyTrip@61230f6a] output={null}]]]>
              </value>
            </param>
          </params>
          <reporter-output>
          </reporter-output>
        </test-method> <!-- getResult -->
      </class> <!-- testCases.Assignment2_MakeMyTrip -->
      <class name="testCases.Assignment1_DemoQA">
        <test-method status="PASS" signature="setUpSuite()[pri:0, instance:testCases.Assignment1_DemoQA@418e7838]" name="setUpSuite" is-config="true" duration-ms="250" started-at="2020-09-19T20:50:18 IST" finished-at="2020-09-19T20:50:18 IST">
          <reporter-output>
          </reporter-output>
        </test-method> <!-- setUpSuite -->
        <test-method status="PASS" signature="beforeMethod(java.lang.String, java.lang.reflect.Method)[pri:0, instance:testCases.Assignment1_DemoQA@418e7838]" name="beforeMethod" is-config="true" duration-ms="6930" started-at="2020-09-19T20:50:18 IST" finished-at="2020-09-19T20:50:25 IST">
          <params>
            <param index="0">
              <value is-null="true"/>
            </param>
            <param index="1">
              <value>
                <![CDATA[public void testCases.Assignment1_DemoQA.TC01_verifyDragAndDrop() throws java.lang.Throwable]]>
              </value>
            </param>
          </params>
          <reporter-output>
            <line>
              <![CDATA[Opened Chrome Browser]]>
            </line>
          </reporter-output>
        </test-method> <!-- beforeMethod -->
        <test-method status="PASS" signature="TC01_verifyDragAndDrop()[pri:0, instance:testCases.Assignment1_DemoQA@418e7838]" name="TC01_verifyDragAndDrop" duration-ms="4167" started-at="2020-09-19T20:50:25 IST" description="Verify drag and drop" finished-at="2020-09-19T20:50:29 IST">
          <reporter-output>
          </reporter-output>
        </test-method> <!-- TC01_verifyDragAndDrop -->
        <test-method status="PASS" signature="getResult(org.testng.ITestResult)[pri:0, instance:testCases.Assignment1_DemoQA@418e7838]" name="getResult" is-config="true" duration-ms="1992" started-at="2020-09-19T20:50:29 IST" finished-at="2020-09-19T20:50:31 IST">
          <params>
            <param index="0">
              <value>
                <![CDATA[[TestResult name=TC01_verifyDragAndDrop status=SUCCESS method=Assignment1_DemoQA.TC01_verifyDragAndDrop()[pri:0, instance:testCases.Assignment1_DemoQA@418e7838] output={null}]]]>
              </value>
            </param>
          </params>
          <reporter-output>
          </reporter-output>
        </test-method> <!-- getResult -->
        <test-method status="PASS" signature="beforeMethod(java.lang.String, java.lang.reflect.Method)[pri:0, instance:testCases.Assignment1_DemoQA@418e7838]" name="beforeMethod" is-config="true" duration-ms="5508" started-at="2020-09-19T20:50:32 IST" finished-at="2020-09-19T20:50:38 IST">
          <params>
            <param index="0">
              <value is-null="true"/>
            </param>
            <param index="1">
              <value>
                <![CDATA[public void testCases.Assignment1_DemoQA.TC02_verifyDatePicker(java.lang.String,java.lang.String,java.lang.String,java.lang.String) throws java.lang.Throwable]]>
              </value>
            </param>
          </params>
          <reporter-output>
            <line>
              <![CDATA[Opened Chrome Browser]]>
            </line>
          </reporter-output>
        </test-method> <!-- beforeMethod -->
        <test-method status="PASS" signature="TC02_verifyDatePicker(java.lang.String, java.lang.String, java.lang.String, java.lang.String)[pri:0, instance:testCases.Assignment1_DemoQA@418e7838]" name="TC02_verifyDatePicker" duration-ms="7527" started-at="2020-09-19T20:50:38 IST" description="Verify DatePicker" data-provider="tc02TestData" finished-at="2020-09-19T20:50:45 IST">
          <params>
            <param index="0">
              <value>
                <![CDATA[June]]>
              </value>
            </param>
            <param index="1">
              <value>
                <![CDATA[29]]>
              </value>
            </param>
            <param index="2">
              <value>
                <![CDATA[1989]]>
              </value>
            </param>
            <param index="3">
              <value>
                <![CDATA[June 29, 1989 11:00 AM]]>
              </value>
            </param>
          </params>
          <reporter-output>
          </reporter-output>
        </test-method> <!-- TC02_verifyDatePicker -->
        <test-method status="PASS" signature="getResult(org.testng.ITestResult)[pri:0, instance:testCases.Assignment1_DemoQA@418e7838]" name="getResult" is-config="true" duration-ms="1182" started-at="2020-09-19T20:50:45 IST" finished-at="2020-09-19T20:50:47 IST">
          <params>
            <param index="0">
              <value>
                <![CDATA[[TestResult name=TC02_verifyDatePicker status=SUCCESS method=Assignment1_DemoQA.TC02_verifyDatePicker(java.lang.String, java.lang.String, java.lang.String, java.lang.String)[pri:0, instance:testCases.Assignment1_DemoQA@418e7838] output={null}]]]>
              </value>
            </param>
          </params>
          <reporter-output>
          </reporter-output>
        </test-method> <!-- getResult -->
        <test-method status="PASS" signature="beforeMethod(java.lang.String, java.lang.reflect.Method)[pri:0, instance:testCases.Assignment1_DemoQA@418e7838]" name="beforeMethod" is-config="true" duration-ms="5609" started-at="2020-09-19T20:50:47 IST" finished-at="2020-09-19T20:50:52 IST">
          <params>
            <param index="0">
              <value is-null="true"/>
            </param>
            <param index="1">
              <value>
                <![CDATA[public void testCases.Assignment1_DemoQA.TC03_verifySelectable() throws java.lang.Throwable]]>
              </value>
            </param>
          </params>
          <reporter-output>
            <line>
              <![CDATA[Opened Chrome Browser]]>
            </line>
          </reporter-output>
        </test-method> <!-- beforeMethod -->
        <test-method status="PASS" signature="TC03_verifySelectable()[pri:0, instance:testCases.Assignment1_DemoQA@418e7838]" name="TC03_verifySelectable" duration-ms="3286" started-at="2020-09-19T20:50:52 IST" description="Verify Selectable" finished-at="2020-09-19T20:50:55 IST">
          <reporter-output>
          </reporter-output>
        </test-method> <!-- TC03_verifySelectable -->
        <test-method status="PASS" signature="getResult(org.testng.ITestResult)[pri:0, instance:testCases.Assignment1_DemoQA@418e7838]" name="getResult" is-config="true" duration-ms="1503" started-at="2020-09-19T20:50:55 IST" finished-at="2020-09-19T20:50:57 IST">
          <params>
            <param index="0">
              <value>
                <![CDATA[[TestResult name=TC03_verifySelectable status=SUCCESS method=Assignment1_DemoQA.TC03_verifySelectable()[pri:0, instance:testCases.Assignment1_DemoQA@418e7838] output={null}]]]>
              </value>
            </param>
          </params>
          <reporter-output>
          </reporter-output>
        </test-method> <!-- getResult -->
        <test-method status="PASS" signature="beforeMethod(java.lang.String, java.lang.reflect.Method)[pri:0, instance:testCases.Assignment1_DemoQA@418e7838]" name="beforeMethod" is-config="true" duration-ms="5598" started-at="2020-09-19T20:50:57 IST" finished-at="2020-09-19T20:51:03 IST">
          <params>
            <param index="0">
              <value is-null="true"/>
            </param>
            <param index="1">
              <value>
                <![CDATA[public void testCases.Assignment1_DemoQA.TC04_verifySelectMenu() throws java.lang.Throwable]]>
              </value>
            </param>
          </params>
          <reporter-output>
            <line>
              <![CDATA[Opened Chrome Browser]]>
            </line>
          </reporter-output>
        </test-method> <!-- beforeMethod -->
        <test-method status="PASS" signature="TC04_verifySelectMenu()[pri:0, instance:testCases.Assignment1_DemoQA@418e7838]" name="TC04_verifySelectMenu" duration-ms="3718" started-at="2020-09-19T20:51:03 IST" description="Verify Select-Menu" finished-at="2020-09-19T20:51:06 IST">
          <reporter-output>
          </reporter-output>
        </test-method> <!-- TC04_verifySelectMenu -->
        <test-method status="PASS" signature="getResult(org.testng.ITestResult)[pri:0, instance:testCases.Assignment1_DemoQA@418e7838]" name="getResult" is-config="true" duration-ms="1115" started-at="2020-09-19T20:51:06 IST" finished-at="2020-09-19T20:51:07 IST">
          <params>
            <param index="0">
              <value>
                <![CDATA[[TestResult name=TC04_verifySelectMenu status=SUCCESS method=Assignment1_DemoQA.TC04_verifySelectMenu()[pri:0, instance:testCases.Assignment1_DemoQA@418e7838] output={null}]]]>
              </value>
            </param>
          </params>
          <reporter-output>
          </reporter-output>
        </test-method> <!-- getResult -->
        <test-method status="PASS" signature="beforeMethod(java.lang.String, java.lang.reflect.Method)[pri:0, instance:testCases.Assignment1_DemoQA@418e7838]" name="beforeMethod" is-config="true" duration-ms="5529" started-at="2020-09-19T20:51:08 IST" finished-at="2020-09-19T20:51:13 IST">
          <params>
            <param index="0">
              <value is-null="true"/>
            </param>
            <param index="1">
              <value>
                <![CDATA[public void testCases.Assignment1_DemoQA.TC05_verifyPracticeForm(java.lang.String,java.lang.String,java.lang.String,java.lang.String,java.lang.String,java.lang.String,java.lang.String,java.lang.String,java.lang.String,java.lang.String,java.lang.String) throws java.lang.Throwable]]>
              </value>
            </param>
          </params>
          <reporter-output>
            <line>
              <![CDATA[Opened Chrome Browser]]>
            </line>
          </reporter-output>
        </test-method> <!-- beforeMethod -->
        <test-method status="PASS" signature="TC05_verifyPracticeForm(java.lang.String, java.lang.String, java.lang.String, java.lang.String, java.lang.String, java.lang.String, java.lang.String, java.lang.String, java.lang.String, java.lang.String, java.lang.String)[pri:0, instance:testCases.Assignment1_DemoQA@418e7838]" name="TC05_verifyPracticeForm" duration-ms="5899" started-at="2020-09-19T20:51:13 IST" description="Verify Practice Form" data-provider="tc05TestData" finished-at="2020-09-19T20:51:19 IST">
          <params>
            <param index="0">
              <value>
                <![CDATA[Ashray]]>
              </value>
            </param>
            <param index="1">
              <value>
                <![CDATA[bhat]]>
              </value>
            </param>
            <param index="2">
              <value>
                <![CDATA[ashray@gmail.com]]>
              </value>
            </param>
            <param index="3">
              <value>
                <![CDATA[Male]]>
              </value>
            </param>
            <param index="4">
              <value>
                <![CDATA[7760242416]]>
              </value>
            </param>
            <param index="5">
              <value>
                <![CDATA[June]]>
              </value>
            </param>
            <param index="6">
              <value>
                <![CDATA[29]]>
              </value>
            </param>
            <param index="7">
              <value>
                <![CDATA[1989]]>
              </value>
            </param>
            <param index="8">
              <value>
                <![CDATA[Computer]]>
              </value>
            </param>
            <param index="9">
              <value>
                <![CDATA[Sports]]>
              </value>
            </param>
            <param index="10">
              <value>
                <![CDATA[Udupi]]>
              </value>
            </param>
          </params>
          <reporter-output>
          </reporter-output>
        </test-method> <!-- TC05_verifyPracticeForm -->
        <test-method status="PASS" signature="getResult(org.testng.ITestResult)[pri:0, instance:testCases.Assignment1_DemoQA@418e7838]" name="getResult" is-config="true" duration-ms="1221" started-at="2020-09-19T20:51:19 IST" finished-at="2020-09-19T20:51:20 IST">
          <params>
            <param index="0">
              <value>
                <![CDATA[[TestResult name=TC05_verifyPracticeForm status=SUCCESS method=Assignment1_DemoQA.TC05_verifyPracticeForm(java.lang.String, java.lang.String, java.lang.String, java.lang.String, java.lang.String, java.lang.String, java.lang.String, java.lang.String, java.lang.String, java.lang.String, java.lang.String)[pri:0, instance:testCases.Assignment1_DemoQA@418e7838] output={null}]]]>
              </value>
            </param>
          </params>
          <reporter-output>
          </reporter-output>
        </test-method> <!-- getResult -->
      </class> <!-- testCases.Assignment1_DemoQA -->
    </test> <!-- Test -->
  </suite> <!-- Suite -->
</testng-results>
