<?xml version="1.0" encoding="UTF-8"?>
<testng-results skipped="0" failed="0" ignored="0" total="1" passed="1">
  <reporter-output>
    <line>
      <![CDATA[Opened Chrome Browser]]>
    </line>
  </reporter-output>
  <suite name="Default suite" duration-ms="59911" started-at="2020-09-19T20:43:27 IST" finished-at="2020-09-19T20:44:27 IST">
    <groups>
    </groups>
    <test name="Default test" duration-ms="59911" started-at="2020-09-19T20:43:27 IST" finished-at="2020-09-19T20:44:27 IST">
      <class name="testCases.Assignment2_MakeMyTrip">
        <test-method status="PASS" signature="setUpSuite()[pri:0, instance:testCases.Assignment2_MakeMyTrip@c0c2f8d]" name="setUpSuite" is-config="true" duration-ms="125" started-at="2020-09-19T20:43:27 IST" finished-at="2020-09-19T20:43:27 IST">
          <reporter-output>
          </reporter-output>
        </test-method> <!-- setUpSuite -->
        <test-method status="PASS" signature="beforeMethod(java.lang.String, java.lang.reflect.Method)[pri:0, instance:testCases.Assignment2_MakeMyTrip@c0c2f8d]" name="beforeMethod" is-config="true" duration-ms="6678" started-at="2020-09-19T20:43:28 IST" finished-at="2020-09-19T20:43:35 IST">
          <params>
            <param index="0">
              <value is-null="true"/>
            </param>
            <param index="1">
              <value>
                <![CDATA[public void testCases.Assignment2_MakeMyTrip.bookTikcet(java.lang.String,java.lang.String,java.lang.String,java.lang.String) throws java.lang.Throwable]]>
              </value>
            </param>
          </params>
          <reporter-output>
            <line>
              <![CDATA[Opened Chrome Browser]]>
            </line>
          </reporter-output>
        </test-method> <!-- beforeMethod -->
        <test-method status="PASS" signature="bookTikcet(java.lang.String, java.lang.String, java.lang.String, java.lang.String)[pri:0, instance:testCases.Assignment2_MakeMyTrip@c0c2f8d]" name="bookTikcet" duration-ms="49456" started-at="2020-09-19T20:43:35 IST" description="Make My Trip Test Case" data-provider="makeMyTrip" finished-at="2020-09-19T20:44:24 IST">
          <params>
            <param index="0">
              <value>
                <![CDATA[Mumbai, India]]>
              </value>
            </param>
            <param index="1">
              <value>
                <![CDATA[Goa, India]]>
              </value>
            </param>
            <param index="2">
              <value>
                <![CDATA[Mon Nov 02 2020]]>
              </value>
            </param>
            <param index="3">
              <value>
                <![CDATA[Tue Nov 03 2020]]>
              </value>
            </param>
          </params>
          <reporter-output>
          </reporter-output>
        </test-method> <!-- bookTikcet -->
        <test-method status="PASS" signature="getResult(org.testng.ITestResult)[pri:0, instance:testCases.Assignment2_MakeMyTrip@c0c2f8d]" name="getResult" is-config="true" duration-ms="2544" started-at="2020-09-19T20:44:24 IST" finished-at="2020-09-19T20:44:27 IST">
          <params>
            <param index="0">
              <value>
                <![CDATA[[TestResult name=bookTikcet status=SUCCESS method=Assignment2_MakeMyTrip.bookTikcet(java.lang.String, java.lang.String, java.lang.String, java.lang.String)[pri:0, instance:testCases.Assignment2_MakeMyTrip@c0c2f8d] output={null}]]]>
              </value>
            </param>
          </params>
          <reporter-output>
          </reporter-output>
        </test-method> <!-- getResult -->
      </class> <!-- testCases.Assignment2_MakeMyTrip -->
    </test> <!-- Default test -->
  </suite> <!-- Default suite -->
</testng-results>
